<?xml version="1.0" encoding="UTF-8"?>
<testng-results ignored="0" total="1" passed="1" failed="0" skipped="0">
  <reporter-output>
  </reporter-output>
  <suite started-at="2026-03-28T19:50:20 IST" name="Default suite" finished-at="2026-03-28T19:50:26 IST" duration-ms="5870">
    <groups>
    </groups>
    <test started-at="2026-03-28T19:50:20 IST" name="Default test" finished-at="2026-03-28T19:50:26 IST" duration-ms="5870">
      <class name="tests.SetupTest">
        <test-method is-config="true" signature="setup()[pri:0, instance:tests.SetupTest@4218d6a3]" started-at="2026-03-28T19:50:20 IST" name="setup" finished-at="2026-03-28T19:50:23 IST" duration-ms="3325" status="PASS">
          <reporter-output>
          </reporter-output>
        </test-method> <!-- setup -->
        <test-method signature="testAddToCardFlow()[pri:0, instance:tests.SetupTest@4218d6a3]" started-at="2026-03-28T19:50:23 IST" name="testAddToCardFlow" finished-at="2026-03-28T19:50:26 IST" duration-ms="2314" status="PASS">
          <reporter-output>
          </reporter-output>
        </test-method> <!-- testAddToCardFlow -->
        <test-method is-config="true" signature="tearDown()[pri:0, instance:tests.SetupTest@4218d6a3]" started-at="2026-03-28T19:50:26 IST" name="tearDown" finished-at="2026-03-28T19:50:26 IST" duration-ms="200" status="PASS">
          <reporter-output>
          </reporter-output>
        </test-method> <!-- tearDown -->
      </class> <!-- tests.SetupTest -->
    </test> <!-- Default test -->
  </suite> <!-- Default suite -->
</testng-results>
