<?xml version="1.0" encoding="UTF-8"?>
<testng-results ignored="0" total="1" passed="1" failed="0" skipped="0">
  <reporter-output>
  </reporter-output>
  <suite started-at="2026-03-26T09:02:46 IST" name="Default suite" finished-at="2026-03-26T09:02:46 IST" duration-ms="56">
    <groups>
    </groups>
    <test started-at="2026-03-26T09:02:46 IST" name="Default test" finished-at="2026-03-26T09:02:46 IST" duration-ms="56">
      <class name="tests.SetupTest">
        <test-method signature="verifyFrameworkSetup()[pri:0, instance:tests.SetupTest@6adbc9d]" started-at="2026-03-26T09:02:46 IST" name="verifyFrameworkSetup" finished-at="2026-03-26T09:02:46 IST" duration-ms="20" status="PASS">
          <reporter-output>
          </reporter-output>
        </test-method> <!-- verifyFrameworkSetup -->
      </class> <!-- tests.SetupTest -->
    </test> <!-- Default test -->
  </suite> <!-- Default suite -->
</testng-results>
